2024-09-08T10:08:09.041+05:30  INFO 35460 --- [student-library-management-system] [restartedMain] tudentLibraryManagementSystemApplication : Starting StudentLibraryManagementSystemApplication using Java 22.0.2 with PID 35460 (C:\Users\aksha\eclipse-workspace\library-management-system\target\classes started by aksha in C:\Users\aksha\eclipse-workspace\library-management-system)
2024-09-08T10:08:09.041+05:30  INFO 35460 --- [student-library-management-system] [restartedMain] tudentLibraryManagementSystemApplication : No active profile set, falling back to 1 default profile: "default"
2024-09-08T10:08:09.331+05:30  INFO 35460 --- [student-library-management-system] [restartedMain] .s.d.r.c.RepositoryConfigurationDelegate : Bootstrapping Spring Data JPA repositories in DEFAULT mode.
2024-09-08T10:08:09.345+05:30  INFO 35460 --- [student-library-management-system] [restartedMain] .s.d.r.c.RepositoryConfigurationDelegate : Finished Spring Data repository scanning in 12 ms. Found 5 JPA repository interfaces.
2024-09-08T10:08:09.498+05:30  INFO 35460 --- [student-library-management-system] [restartedMain] o.s.b.w.embedded.tomcat.TomcatWebServer  : Tomcat initialized with port 7778 (http)
2024-09-08T10:08:09.500+05:30  INFO 35460 --- [student-library-management-system] [restartedMain] o.apache.catalina.core.StandardService   : Starting service [Tomcat]
2024-09-08T10:08:09.501+05:30  INFO 35460 --- [student-library-management-system] [restartedMain] o.apache.catalina.core.StandardEngine    : Starting Servlet engine: [Apache Tomcat/10.1.28]
2024-09-08T10:08:09.530+05:30  INFO 35460 --- [student-library-management-system] [restartedMain] o.a.c.c.C.[Tomcat].[localhost].[/]       : Initializing Spring embedded WebApplicationContext
2024-09-08T10:08:09.530+05:30  INFO 35460 --- [student-library-management-system] [restartedMain] w.s.c.ServletWebServerApplicationContext : Root WebApplicationContext: initialization completed in 486 ms
2024-09-08T10:08:09.568+05:30  INFO 35460 --- [student-library-management-system] [restartedMain] o.hibernate.jpa.internal.util.LogHelper  : HHH000204: Processing PersistenceUnitInfo [name: default]
2024-09-08T10:08:09.571+05:30  INFO 35460 --- [student-library-management-system] [restartedMain] o.h.c.internal.RegionFactoryInitiator    : HHH000026: Second-level cache disabled
2024-09-08T10:08:09.578+05:30  INFO 35460 --- [student-library-management-system] [restartedMain] o.s.o.j.p.SpringPersistenceUnitInfo      : No LoadTimeWeaver setup: ignoring JPA class transformer
2024-09-08T10:08:09.580+05:30  INFO 35460 --- [student-library-management-system] [restartedMain] com.zaxxer.hikari.HikariDataSource       : HikariPool-3 - Starting...
2024-09-08T10:08:09.638+05:30  INFO 35460 --- [student-library-management-system] [restartedMain] com.zaxxer.hikari.pool.HikariPool        : HikariPool-3 - Added connection com.mysql.cj.jdbc.ConnectionImpl@6dc8960f
2024-09-08T10:08:09.639+05:30  INFO 35460 --- [student-library-management-system] [restartedMain] com.zaxxer.hikari.HikariDataSource       : HikariPool-3 - Start completed.
2024-09-08T10:08:09.643+05:30  WARN 35460 --- [student-library-management-system] [restartedMain] org.hibernate.orm.deprecation            : HHH90000025: MySQLDialect does not need to be specified explicitly using 'hibernate.dialect' (remove the property setting and it will be selected by default)
2024-09-08T10:08:09.915+05:30  INFO 35460 --- [student-library-management-system] [restartedMain] o.h.e.t.j.p.i.JtaPlatformInitiator       : HHH000489: No JTA platform available (set 'hibernate.transaction.jta.platform' to enable JTA platform integration)
2024-09-08T10:08:10.005+05:30  INFO 35460 --- [student-library-management-system] [restartedMain] j.LocalContainerEntityManagerFactoryBean : Initialized JPA EntityManagerFactory for persistence unit 'default'
2024-09-08T10:08:10.208+05:30  WARN 35460 --- [student-library-management-system] [restartedMain] JpaBaseConfiguration$JpaWebConfiguration : spring.jpa.open-in-view is enabled by default. Therefore, database queries may be performed during view rendering. Explicitly configure spring.jpa.open-in-view to disable this warning
2024-09-08T10:08:10.357+05:30  INFO 35460 --- [student-library-management-system] [restartedMain] o.s.b.d.a.OptionalLiveReloadServer       : LiveReload server is running on port 35729
2024-09-08T10:08:10.369+05:30  INFO 35460 --- [student-library-management-system] [restartedMain] o.s.b.w.embedded.tomcat.TomcatWebServer  : Tomcat started on port 7778 (http) with context path ''
2024-09-08T10:08:10.373+05:30  INFO 35460 --- [student-library-management-system] [restartedMain] tudentLibraryManagementSystemApplication : Started StudentLibraryManagementSystemApplication in 1.415 seconds (process running for 1315.231)
2024-09-08T10:08:10.374+05:30  INFO 35460 --- [student-library-management-system] [restartedMain] .ConditionEvaluationDeltaLoggingListener : Condition evaluation unchanged
2024-09-08T10:08:41.524+05:30  INFO 36580 --- [student-library-management-system] [restartedMain] tudentLibraryManagementSystemApplication : Starting StudentLibraryManagementSystemApplication using Java 22.0.2 with PID 36580 (C:\Users\aksha\eclipse-workspace\library-management-system\target\classes started by aksha in C:\Users\aksha\eclipse-workspace\library-management-system)
2024-09-08T10:08:41.525+05:30  INFO 36580 --- [student-library-management-system] [restartedMain] tudentLibraryManagementSystemApplication : No active profile set, falling back to 1 default profile: "default"
2024-09-08T10:08:41.583+05:30  INFO 36580 --- [student-library-management-system] [restartedMain] .e.DevToolsPropertyDefaultsPostProcessor : Devtools property defaults active! Set 'spring.devtools.add-properties' to 'false' to disable
2024-09-08T10:08:41.583+05:30  INFO 36580 --- [student-library-management-system] [restartedMain] .e.DevToolsPropertyDefaultsPostProcessor : For additional web related logging consider setting the 'logging.level.web' property to 'DEBUG'
2024-09-08T10:08:42.624+05:30  INFO 36580 --- [student-library-management-system] [restartedMain] .s.d.r.c.RepositoryConfigurationDelegate : Bootstrapping Spring Data JPA repositories in DEFAULT mode.
2024-09-08T10:08:42.703+05:30  INFO 36580 --- [student-library-management-system] [restartedMain] .s.d.r.c.RepositoryConfigurationDelegate : Finished Spring Data repository scanning in 69 ms. Found 5 JPA repository interfaces.
2024-09-08T10:08:43.393+05:30  INFO 36580 --- [student-library-management-system] [restartedMain] o.s.b.w.embedded.tomcat.TomcatWebServer  : Tomcat initialized with port 7778 (http)
2024-09-08T10:08:43.412+05:30  INFO 36580 --- [student-library-management-system] [restartedMain] o.apache.catalina.core.StandardService   : Starting service [Tomcat]
2024-09-08T10:08:43.412+05:30  INFO 36580 --- [student-library-management-system] [restartedMain] o.apache.catalina.core.StandardEngine    : Starting Servlet engine: [Apache Tomcat/10.1.28]
2024-09-08T10:08:43.477+05:30  INFO 36580 --- [student-library-management-system] [restartedMain] o.a.c.c.C.[Tomcat].[localhost].[/]       : Initializing Spring embedded WebApplicationContext
2024-09-08T10:08:43.477+05:30  INFO 36580 --- [student-library-management-system] [restartedMain] w.s.c.ServletWebServerApplicationContext : Root WebApplicationContext: initialization completed in 1893 ms
2024-09-08T10:08:43.668+05:30  INFO 36580 --- [student-library-management-system] [restartedMain] o.hibernate.jpa.internal.util.LogHelper  : HHH000204: Processing PersistenceUnitInfo [name: default]
2024-09-08T10:08:43.756+05:30  INFO 36580 --- [student-library-management-system] [restartedMain] org.hibernate.Version                    : HHH000412: Hibernate ORM core version 6.4.10.Final
2024-09-08T10:08:43.801+05:30  INFO 36580 --- [student-library-management-system] [restartedMain] o.h.c.internal.RegionFactoryInitiator    : HHH000026: Second-level cache disabled
2024-09-08T10:08:44.110+05:30  INFO 36580 --- [student-library-management-system] [restartedMain] o.s.o.j.p.SpringPersistenceUnitInfo      : No LoadTimeWeaver setup: ignoring JPA class transformer
2024-09-08T10:08:44.144+05:30  INFO 36580 --- [student-library-management-system] [restartedMain] com.zaxxer.hikari.HikariDataSource       : HikariPool-1 - Starting...
2024-09-08T10:08:44.695+05:30  INFO 36580 --- [student-library-management-system] [restartedMain] com.zaxxer.hikari.pool.HikariPool        : HikariPool-1 - Added connection com.mysql.cj.jdbc.ConnectionImpl@7c36b44e
2024-09-08T10:08:44.698+05:30  INFO 36580 --- [student-library-management-system] [restartedMain] com.zaxxer.hikari.HikariDataSource       : HikariPool-1 - Start completed.
2024-09-08T10:08:44.768+05:30  WARN 36580 --- [student-library-management-system] [restartedMain] org.hibernate.orm.deprecation            : HHH90000025: MySQLDialect does not need to be specified explicitly using 'hibernate.dialect' (remove the property setting and it will be selected by default)
2024-09-08T10:08:46.176+05:30  INFO 36580 --- [student-library-management-system] [restartedMain] o.h.e.t.j.p.i.JtaPlatformInitiator       : HHH000489: No JTA platform available (set 'hibernate.transaction.jta.platform' to enable JTA platform integration)
2024-09-08T10:08:46.282+05:30  INFO 36580 --- [student-library-management-system] [restartedMain] j.LocalContainerEntityManagerFactoryBean : Initialized JPA EntityManagerFactory for persistence unit 'default'
2024-09-08T10:08:46.917+05:30  WARN 36580 --- [student-library-management-system] [restartedMain] JpaBaseConfiguration$JpaWebConfiguration : spring.jpa.open-in-view is enabled by default. Therefore, database queries may be performed during view rendering. Explicitly configure spring.jpa.open-in-view to disable this warning
2024-09-08T10:08:47.529+05:30  INFO 36580 --- [student-library-management-system] [restartedMain] o.s.b.d.a.OptionalLiveReloadServer       : LiveReload server is running on port 35729
2024-09-08T10:08:47.593+05:30  INFO 36580 --- [student-library-management-system] [restartedMain] o.s.b.w.embedded.tomcat.TomcatWebServer  : Tomcat started on port 7778 (http) with context path ''
2024-09-08T10:08:47.603+05:30  INFO 36580 --- [student-library-management-system] [restartedMain] tudentLibraryManagementSystemApplication : Started StudentLibraryManagementSystemApplication in 6.637 seconds (process running for 7.825)
2024-09-08T10:09:06.444+05:30  INFO 36580 --- [student-library-management-system] [File Watcher] rtingClassPathChangeChangedEventListener : Restarting due to 1 class path change (0 additions, 0 deletions, 1 modification)
2024-09-08T10:09:06.465+05:30  INFO 36580 --- [student-library-management-system] [Thread-5] j.LocalContainerEntityManagerFactoryBean : Closing JPA EntityManagerFactory for persistence unit 'default'
2024-09-08T10:09:06.470+05:30  INFO 36580 --- [student-library-management-system] [Thread-5] com.zaxxer.hikari.HikariDataSource       : HikariPool-1 - Shutdown initiated...
2024-09-08T10:09:06.476+05:30  INFO 36580 --- [student-library-management-system] [Thread-5] com.zaxxer.hikari.HikariDataSource       : HikariPool-1 - Shutdown completed.
2024-09-08T10:09:06.553+05:30  INFO 36580 --- [student-library-management-system] [restartedMain] tudentLibraryManagementSystemApplication : Starting StudentLibraryManagementSystemApplication using Java 22.0.2 with PID 36580 (C:\Users\aksha\eclipse-workspace\library-management-system\target\classes started by aksha in C:\Users\aksha\eclipse-workspace\library-management-system)
2024-09-08T10:09:06.553+05:30  INFO 36580 --- [student-library-management-system] [restartedMain] tudentLibraryManagementSystemApplication : No active profile set, falling back to 1 default profile: "default"
2024-09-08T10:09:06.794+05:30  INFO 36580 --- [student-library-management-system] [restartedMain] .s.d.r.c.RepositoryConfigurationDelegate : Bootstrapping Spring Data JPA repositories in DEFAULT mode.
2024-09-08T10:09:06.814+05:30  INFO 36580 --- [student-library-management-system] [restartedMain] .s.d.r.c.RepositoryConfigurationDelegate : Finished Spring Data repository scanning in 19 ms. Found 5 JPA repository interfaces.
2024-09-08T10:09:06.908+05:30  INFO 36580 --- [student-library-management-system] [restartedMain] o.s.b.w.embedded.tomcat.TomcatWebServer  : Tomcat initialized with port 7778 (http)
2024-09-08T10:09:06.909+05:30  INFO 36580 --- [student-library-management-system] [restartedMain] o.apache.catalina.core.StandardService   : Starting service [Tomcat]
2024-09-08T10:09:06.909+05:30  INFO 36580 --- [student-library-management-system] [restartedMain] o.apache.catalina.core.StandardEngine    : Starting Servlet engine: [Apache Tomcat/10.1.28]
2024-09-08T10:09:06.928+05:30  INFO 36580 --- [student-library-management-system] [restartedMain] o.a.c.c.C.[Tomcat].[localhost].[/]       : Initializing Spring embedded WebApplicationContext
2024-09-08T10:09:06.928+05:30  INFO 36580 --- [student-library-management-system] [restartedMain] w.s.c.ServletWebServerApplicationContext : Root WebApplicationContext: initialization completed in 373 ms
2024-09-08T10:09:06.969+05:30  INFO 36580 --- [student-library-management-system] [restartedMain] o.hibernate.jpa.internal.util.LogHelper  : HHH000204: Processing PersistenceUnitInfo [name: default]
2024-09-08T10:09:06.971+05:30  INFO 36580 --- [student-library-management-system] [restartedMain] o.h.c.internal.RegionFactoryInitiator    : HHH000026: Second-level cache disabled
2024-09-08T10:09:06.976+05:30  INFO 36580 --- [student-library-management-system] [restartedMain] o.s.o.j.p.SpringPersistenceUnitInfo      : No LoadTimeWeaver setup: ignoring JPA class transformer
2024-09-08T10:09:06.977+05:30  INFO 36580 --- [student-library-management-system] [restartedMain] com.zaxxer.hikari.HikariDataSource       : HikariPool-2 - Starting...
2024-09-08T10:09:06.990+05:30  INFO 36580 --- [student-library-management-system] [restartedMain] com.zaxxer.hikari.pool.HikariPool        : HikariPool-2 - Added connection com.mysql.cj.jdbc.ConnectionImpl@350900c1
2024-09-08T10:09:06.990+05:30  INFO 36580 --- [student-library-management-system] [restartedMain] com.zaxxer.hikari.HikariDataSource       : HikariPool-2 - Start completed.
2024-09-08T10:09:06.991+05:30  WARN 36580 --- [student-library-management-system] [restartedMain] org.hibernate.orm.deprecation            : HHH90000025: MySQLDialect does not need to be specified explicitly using 'hibernate.dialect' (remove the property setting and it will be selected by default)
2024-09-08T10:09:07.137+05:30  INFO 36580 --- [student-library-management-system] [restartedMain] o.h.e.t.j.p.i.JtaPlatformInitiator       : HHH000489: No JTA platform available (set 'hibernate.transaction.jta.platform' to enable JTA platform integration)
2024-09-08T10:09:07.191+05:30  INFO 36580 --- [student-library-management-system] [restartedMain] j.LocalContainerEntityManagerFactoryBean : Initialized JPA EntityManagerFactory for persistence unit 'default'
2024-09-08T10:09:07.338+05:30  WARN 36580 --- [student-library-management-system] [restartedMain] JpaBaseConfiguration$JpaWebConfiguration : spring.jpa.open-in-view is enabled by default. Therefore, database queries may be performed during view rendering. Explicitly configure spring.jpa.open-in-view to disable this warning
2024-09-08T10:09:07.442+05:30  INFO 36580 --- [student-library-management-system] [restartedMain] o.s.b.d.a.OptionalLiveReloadServer       : LiveReload server is running on port 35729
2024-09-08T10:09:07.454+05:30  INFO 36580 --- [student-library-management-system] [restartedMain] o.s.b.w.embedded.tomcat.TomcatWebServer  : Tomcat started on port 7778 (http) with context path ''
2024-09-08T10:09:07.457+05:30  INFO 36580 --- [student-library-management-system] [restartedMain] tudentLibraryManagementSystemApplication : Started StudentLibraryManagementSystemApplication in 0.929 seconds (process running for 27.679)
2024-09-08T10:09:07.458+05:30  INFO 36580 --- [student-library-management-system] [restartedMain] .ConditionEvaluationDeltaLoggingListener : Condition evaluation unchanged
2024-09-08T10:10:39.463+05:30  INFO 36580 --- [student-library-management-system] [File Watcher] rtingClassPathChangeChangedEventListener : Restarting due to 1 class path change (0 additions, 0 deletions, 1 modification)
2024-09-08T10:10:39.478+05:30  INFO 36580 --- [student-library-management-system] [Thread-7] j.LocalContainerEntityManagerFactoryBean : Closing JPA EntityManagerFactory for persistence unit 'default'
2024-09-08T10:10:39.479+05:30  INFO 36580 --- [student-library-management-system] [Thread-7] com.zaxxer.hikari.HikariDataSource       : HikariPool-2 - Shutdown initiated...
2024-09-08T10:10:39.486+05:30  INFO 36580 --- [student-library-management-system] [Thread-7] com.zaxxer.hikari.HikariDataSource       : HikariPool-2 - Shutdown completed.
